<?xml version="1.0" encoding="UTF-8"?>
<!-- Generated by org.testng.reporters.JUnitXMLReporter -->
<testsuite ignored="0" hostname="LAPTOP-QLN7PI00" failures="0" tests="5" name="Test" time="215.021" errors="0" timestamp="2024-12-09T18:55:08 IST">
  <testcase classname="testCases.TC005_End_To_End_Test" name="Verify_CreateRegister_And_PlaceOrder" time="81.851"/>
  <testcase classname="testCases.TC001_AccountCreation_Test" name="verify_userAccount_creation" time="13.738"/>
  <testcase classname="testCases.TC002_Login_Test" name="Verify_Login" time="10.4"/>
  <testcase classname="testCases.TC004_Online_Payment_Test" name="Verify_Online_Transcation_Details" time="32.168"/>
  <testcase classname="testCases.TC003_Add_Products_To_Carts_Test" name="Verify_Add_Item_T0_Carts" time="31.106"/>
</testsuite> <!-- Test -->
