<?xml version="1.0" encoding="UTF-8"?>
<testng-results ignored="0" total="5" passed="5" failed="0" skipped="0">
  <reporter-output>
  </reporter-output>
  <suite started-at="2024-12-09T18:51:31 IST" name="Suite" finished-at="2024-12-09T18:55:06 IST" duration-ms="215021">
    <groups>
      <group name="Master">
        <method signature="TC001_AccountCreation_Test.verify_userAccount_creation()[pri:0, instance:testCases.TC001_AccountCreation_Test@7997b197]" name="verify_userAccount_creation" class="testCases.TC001_AccountCreation_Test"/>
        <method signature="TC002_Login_Test.Verify_Login()[pri:0, instance:testCases.TC002_Login_Test@11dee337]" name="Verify_Login" class="testCases.TC002_Login_Test"/>
        <method signature="TC003_Add_Products_To_Carts_Test.Verify_Add_Item_T0_Carts()[pri:0, instance:testCases.TC003_Add_Products_To_Carts_Test@55f3c410]" name="Verify_Add_Item_T0_Carts" class="testCases.TC003_Add_Products_To_Carts_Test"/>
        <method signature="TC004_Online_Payment_Test.Verify_Online_Transcation_Details()[pri:0, instance:testCases.TC004_Online_Payment_Test@460f76a6]" name="Verify_Online_Transcation_Details" class="testCases.TC004_Online_Payment_Test"/>
      </group> <!-- Master -->
      <group name="Sanity">
        <method signature="TC001_AccountCreation_Test.verify_userAccount_creation()[pri:0, instance:testCases.TC001_AccountCreation_Test@7997b197]" name="verify_userAccount_creation" class="testCases.TC001_AccountCreation_Test"/>
        <method signature="TC002_Login_Test.Verify_Login()[pri:0, instance:testCases.TC002_Login_Test@11dee337]" name="Verify_Login" class="testCases.TC002_Login_Test"/>
      </group> <!-- Sanity -->
      <group name="Regression">
        <method signature="TC001_AccountCreation_Test.verify_userAccount_creation()[pri:0, instance:testCases.TC001_AccountCreation_Test@7997b197]" name="verify_userAccount_creation" class="testCases.TC001_AccountCreation_Test"/>
        <method signature="TC004_Online_Payment_Test.Verify_Online_Transcation_Details()[pri:0, instance:testCases.TC004_Online_Payment_Test@460f76a6]" name="Verify_Online_Transcation_Details" class="testCases.TC004_Online_Payment_Test"/>
      </group> <!-- Regression -->
      <group name="master">
        <method signature="TC005_End_To_End_Test.Verify_CreateRegister_And_PlaceOrder()[pri:0, instance:testCases.TC005_End_To_End_Test@2fab4aff]" name="Verify_CreateRegister_And_PlaceOrder" class="testCases.TC005_End_To_End_Test"/>
      </group> <!-- master -->
    </groups>
    <test started-at="2024-12-09T18:51:31 IST" name="Test" finished-at="2024-12-09T18:55:06 IST" duration-ms="215021">
      <class name="testCases.TC005_End_To_End_Test">
        <test-method is-config="true" signature="setUp(java.lang.String,java.lang.String)[pri:0, instance:testCases.TC005_End_To_End_Test@2fab4aff]" started-at="2024-12-09T18:51:32 IST" name="setUp" finished-at="2024-12-09T18:51:39 IST" duration-ms="6975" status="PASS">
          <params>
            <param index="0">
              <value>
                <![CDATA[windows]]>
              </value>
            </param>
            <param index="1">
              <value>
                <![CDATA[chrome]]>
              </value>
            </param>
          </params>
          <reporter-output>
          </reporter-output>
        </test-method> <!-- setUp -->
        <test-method signature="Verify_CreateRegister_And_PlaceOrder()[pri:0, instance:testCases.TC005_End_To_End_Test@2fab4aff]" started-at="2024-12-09T18:51:39 IST" name="Verify_CreateRegister_And_PlaceOrder" finished-at="2024-12-09T18:53:01 IST" duration-ms="81851" status="PASS">
          <reporter-output>
          </reporter-output>
        </test-method> <!-- Verify_CreateRegister_And_PlaceOrder -->
        <test-method is-config="true" signature="tearDown()[pri:0, instance:testCases.TC005_End_To_End_Test@2fab4aff]" started-at="2024-12-09T18:53:01 IST" name="tearDown" finished-at="2024-12-09T18:53:01 IST" duration-ms="249" status="PASS">
          <reporter-output>
          </reporter-output>
        </test-method> <!-- tearDown -->
      </class> <!-- testCases.TC005_End_To_End_Test -->
      <class name="testCases.TC003_Add_Products_To_Carts_Test">
        <test-method is-config="true" signature="setUp(java.lang.String,java.lang.String)[pri:0, instance:testCases.TC003_Add_Products_To_Carts_Test@55f3c410]" started-at="2024-12-09T18:54:29 IST" name="setUp" finished-at="2024-12-09T18:54:35 IST" duration-ms="6202" status="PASS">
          <params>
            <param index="0">
              <value>
                <![CDATA[windows]]>
              </value>
            </param>
            <param index="1">
              <value>
                <![CDATA[chrome]]>
              </value>
            </param>
          </params>
          <reporter-output>
          </reporter-output>
        </test-method> <!-- setUp -->
        <test-method signature="Verify_Add_Item_T0_Carts()[pri:0, instance:testCases.TC003_Add_Products_To_Carts_Test@55f3c410]" started-at="2024-12-09T18:54:35 IST" name="Verify_Add_Item_T0_Carts" finished-at="2024-12-09T18:55:06 IST" duration-ms="31106" status="PASS">
          <reporter-output>
          </reporter-output>
        </test-method> <!-- Verify_Add_Item_T0_Carts -->
        <test-method is-config="true" signature="tearDown()[pri:0, instance:testCases.TC003_Add_Products_To_Carts_Test@55f3c410]" started-at="2024-12-09T18:55:06 IST" name="tearDown" finished-at="2024-12-09T18:55:06 IST" duration-ms="243" status="PASS">
          <reporter-output>
          </reporter-output>
        </test-method> <!-- tearDown -->
      </class> <!-- testCases.TC003_Add_Products_To_Carts_Test -->
      <class name="testCases.TC004_Online_Payment_Test">
        <test-method is-config="true" signature="setUp(java.lang.String,java.lang.String)[pri:0, instance:testCases.TC004_Online_Payment_Test@460f76a6]" started-at="2024-12-09T18:53:51 IST" name="setUp" finished-at="2024-12-09T18:53:57 IST" duration-ms="5678" status="PASS">
          <params>
            <param index="0">
              <value>
                <![CDATA[windows]]>
              </value>
            </param>
            <param index="1">
              <value>
                <![CDATA[chrome]]>
              </value>
            </param>
          </params>
          <reporter-output>
          </reporter-output>
        </test-method> <!-- setUp -->
        <test-method signature="Verify_Online_Transcation_Details()[pri:0, instance:testCases.TC004_Online_Payment_Test@460f76a6]" started-at="2024-12-09T18:53:57 IST" name="Verify_Online_Transcation_Details" finished-at="2024-12-09T18:54:29 IST" duration-ms="32168" status="PASS">
          <reporter-output>
          </reporter-output>
        </test-method> <!-- Verify_Online_Transcation_Details -->
        <test-method is-config="true" signature="tearDown()[pri:0, instance:testCases.TC004_Online_Payment_Test@460f76a6]" started-at="2024-12-09T18:54:29 IST" name="tearDown" finished-at="2024-12-09T18:54:29 IST" duration-ms="239" status="PASS">
          <reporter-output>
          </reporter-output>
        </test-method> <!-- tearDown -->
      </class> <!-- testCases.TC004_Online_Payment_Test -->
      <class name="testCases.TC001_AccountCreation_Test">
        <test-method is-config="true" signature="setUp(java.lang.String,java.lang.String)[pri:0, instance:testCases.TC001_AccountCreation_Test@7997b197]" started-at="2024-12-09T18:53:01 IST" name="setUp" finished-at="2024-12-09T18:53:20 IST" duration-ms="19144" status="PASS">
          <params>
            <param index="0">
              <value>
                <![CDATA[windows]]>
              </value>
            </param>
            <param index="1">
              <value>
                <![CDATA[chrome]]>
              </value>
            </param>
          </params>
          <reporter-output>
          </reporter-output>
        </test-method> <!-- setUp -->
        <test-method signature="verify_userAccount_creation()[pri:0, instance:testCases.TC001_AccountCreation_Test@7997b197]" started-at="2024-12-09T18:53:20 IST" name="verify_userAccount_creation" finished-at="2024-12-09T18:53:34 IST" duration-ms="13738" status="PASS">
          <reporter-output>
          </reporter-output>
        </test-method> <!-- verify_userAccount_creation -->
        <test-method is-config="true" signature="tearDown()[pri:0, instance:testCases.TC001_AccountCreation_Test@7997b197]" started-at="2024-12-09T18:53:34 IST" name="tearDown" finished-at="2024-12-09T18:53:34 IST" duration-ms="230" status="PASS">
          <reporter-output>
          </reporter-output>
        </test-method> <!-- tearDown -->
      </class> <!-- testCases.TC001_AccountCreation_Test -->
      <class name="testCases.TC002_Login_Test">
        <test-method is-config="true" signature="setUp(java.lang.String,java.lang.String)[pri:0, instance:testCases.TC002_Login_Test@11dee337]" started-at="2024-12-09T18:53:34 IST" name="setUp" finished-at="2024-12-09T18:53:40 IST" duration-ms="6389" status="PASS">
          <params>
            <param index="0">
              <value>
                <![CDATA[windows]]>
              </value>
            </param>
            <param index="1">
              <value>
                <![CDATA[chrome]]>
              </value>
            </param>
          </params>
          <reporter-output>
          </reporter-output>
        </test-method> <!-- setUp -->
        <test-method signature="Verify_Login()[pri:0, instance:testCases.TC002_Login_Test@11dee337]" started-at="2024-12-09T18:53:40 IST" name="Verify_Login" finished-at="2024-12-09T18:53:51 IST" duration-ms="10400" status="PASS">
          <reporter-output>
          </reporter-output>
        </test-method> <!-- Verify_Login -->
        <test-method is-config="true" signature="tearDown()[pri:0, instance:testCases.TC002_Login_Test@11dee337]" started-at="2024-12-09T18:53:51 IST" name="tearDown" finished-at="2024-12-09T18:53:51 IST" duration-ms="165" status="PASS">
          <reporter-output>
          </reporter-output>
        </test-method> <!-- tearDown -->
      </class> <!-- testCases.TC002_Login_Test -->
    </test> <!-- Test -->
  </suite> <!-- Suite -->
</testng-results>
